-1e-06 0.95 0 0 1273607.554 6.73136327 
-1.100115523e-06 0.95 1 0 1266430.238 6.738930508 
-1.210254164e-06 0.95 2 0 1258504.67 6.748189104 
-1.331419393e-06 0.95 3 0 1256369.327 6.750880739 
-1.464715142e-06 0.95 4 0 1248410.257 6.762021092 
-1.611355864e-06 0.95 5 0 1240086.317 6.7749002 
-1.772677599e-06 0.95 6 0 1235823.656 6.782214919 
-1.950150144e-06 0.95 7 0 1230241.734 6.792400352 
-2.145390446e-06 0.95 8 0 1211778.655 6.830658978 
-2.360177333e-06 0.95 9 0 1186681.343 6.887495028 
-2.596467721e-06 0.95 10 0 1146702.592 6.987232316 
-2.856414445e-06 0.95 11 0 1110669.302 7.085881603 
-3.142385871e-06 0.95 12 0 1012005.786 7.379945431 
-3.456987477e-06 0.95 13 0 948515.4835 7.590556726 
-3.803085586e-06 0.95 14 0 876768.957 7.849048725 
-4.183833489e-06 0.95 15 0 798687.6461 8.160837971 
-4.602700167e-06 0.95 16 0 736632.508 8.433930528 
-5.063501902e-06 0.95 17 0 731409.1613 8.459381854 
-5.570437043e-06 0.95 18 0 723931.6222 8.499122433 
-6.128124261e-06 0.95 19 0 714523.4533 8.553504433 
-6.741644627e-06 0.95 20 0 705537.5087 8.610898408 
-7.416587905e-06 0.95 21 0 704434.7754 8.618710459 
-8.159103482e-06 0.95 22 0 701463.7907 8.642145695 
-8.975956395e-06 0.95 23 0 693142.6006 8.713225284 
-9.874588965e-06 0.95 24 0 682481.7869 8.81469334 
-1.08631886e-05 0.95 25 0 670315.6083 8.94147353 
-1.195076241e-05 0.95 26 0 649987.8596 9.1692011 
-1.314721924e-05 0.95 27 0 596202.8183 9.84262616 
-1.446345997e-05 0.95 28 0 538343.1483 10.63679282 
-1.591147684e-05 0.95 29 0 506006.1076 11.12094744 
-1.750446266e-05 0.95 30 0 480826.5755 11.54737599 
-1.92569311e-05 0.95 31 0 470387.3057 11.73482117 
-2.118484883e-05 0.95 32 0 434163.3771 12.47947888 
-2.330578105e-05 0.95 33 0 47983.15109 20.95730802 
-2.563905151e-05 0.95 34 0 42525.86379 21.09383578 
-2.820591856e-05 0.95 35 0 42089.57688 21.10569012 
-3.102976885e-05 0.95 36 0 32275.79881 21.39220186 
-3.413633039e-05 0.95 37 0 27121.34422 21.5652259 
-3.755390696e-05 0.95 38 0 26405.88902 21.59051119 
-4.1313636e-05 0.95 39 0 20914.57536 21.80532507 
-4.544977228e-05 0.95 40 0 15475.56493 22.04824579 
-5e-05 0.95 41 0 10557.8913 22.28042464 
-1e-06 0.955 0 1 1270944.243 6.730002637 
-1.100115523e-06 0.955 1 1 1264370.417 6.736846068 
-1.210254164e-06 0.955 2 1 1255306.51 6.747396834 
-1.331419393e-06 0.955 3 1 1253690.575 6.749433572 
-1.464715142e-06 0.955 4 1 1246164.037 6.759943543 
-1.611355864e-06 0.955 5 1 1237475.599 6.773330656 
-1.772677599e-06 0.955 6 1 1231946.942 6.782955664 
-1.950150144e-06 0.955 7 1 1228510.33 6.789318054 
-2.145390446e-06 0.955 8 1 1209569.731 6.828602643 
-2.360177333e-06 0.955 9 1 1184941.689 6.88434212 
-2.596467721e-06 0.955 10 1 1145223.571 6.983357159 
-2.856414445e-06 0.955 11 1 1107892.148 7.085415346 
-3.142385871e-06 0.955 12 1 1008811.627 7.38062852 
-3.456987477e-06 0.955 13 1 946054.4323 7.58880538 
-3.803085586e-06 0.955 14 1 872248.9214 7.855318357 
-4.183833489e-06 0.955 15 1 796271.6354 8.159116588 
-4.602700167e-06 0.955 16 1 734863.498 8.429294353 
-5.063501902e-06 0.955 17 1 732798.5164 8.439349213 
-5.570437043e-06 0.955 18 1 730888.1876 8.44965929 
-6.128124261e-06 0.955 19 1 724003.3107 8.490191481 
-6.741644627e-06 0.955 20 1 705355.0568 8.609795381 
-7.416587905e-06 0.955 21 1 704900.8225 8.613063769 
-8.159103482e-06 0.955 22 1 700864.1964 8.644430927 
-8.975956395e-06 0.955 23 1 692778.1165 8.713873189 
-9.874588965e-06 0.955 24 1 681346.3561 8.822713824 
-1.08631886e-05 0.955 25 1 670274.1619 8.939048961 
-1.195076241e-05 0.955 26 1 650179.6417 9.163788089 
-1.314721924e-05 0.955 27 1 586349.8159 9.957067409 
-1.446345997e-05 0.955 28 1 540664.4944 10.58389728 
-1.591147684e-05 0.955 29 1 507805.429 11.07628177 
-1.750446266e-05 0.955 30 1 482773.1717 11.50061087 
-1.92569311e-05 0.955 31 1 472509.0715 11.68482395 
-2.118484883e-05 0.955 32 1 436150.8211 12.4323871 
-2.330578105e-05 0.955 33 1 48036.25835 20.95459644 
-2.563905151e-05 0.955 34 1 42568.02928 21.09142787 
-2.820591856e-05 0.955 35 1 42132.81431 21.1032553 
-3.102976885e-05 0.955 36 1 32303.34628 21.39029125 
-3.413633039e-05 0.955 37 1 27141.68242 21.56360516 
-3.755390696e-05 0.955 38 1 26427.70506 21.58884279 
-4.1313636e-05 0.955 39 1 20931.01596 21.80393022 
-4.544977228e-05 0.955 40 1 15503.8965 22.04640268 
-5e-05 0.955 41 1 10567.56193 22.27950878 
-1e-06 0.96 0 2 1267385.559 6.729511221 
-1.100115523e-06 0.96 1 2 1261628.921 6.735482561 
-1.210254164e-06 0.96 2 2 1253113.826 6.745349923 
-1.331419393e-06 0.96 3 2 1250485.155 6.748644289 
-1.464715142e-06 0.96 4 2 1243432.457 6.758507573 
-1.611355864e-06 0.96 5 2 1235185.491 6.77115412 
-1.772677599e-06 0.96 6 2 1229226.3 6.781445291 
-1.950150144e-06 0.96 7 2 1225979.716 6.787568797 
-2.145390446e-06 0.96 8 2 1208327.248 6.8242103 
-2.360177333e-06 0.96 9 2 1179742.517 6.889133844 
-2.596467721e-06 0.96 10 2 1143380.436 6.98012402 
-2.856414445e-06 0.96 11 2 1105103.885 7.084955681 
-3.142385871e-06 0.96 12 2 1005954.01 7.380198658 
-3.456987477e-06 0.96 13 2 943171.1581 7.588443708 
-3.803085586e-06 0.96 14 2 870251.7957 7.851457779 
-4.183833489e-06 0.96 15 2 793690.8282 8.157554693 
-4.602700167e-06 0.96 16 2 732755.0179 8.425691251 
-5.063501902e-06 0.96 17 2 731634.0713 8.431205179 
-5.570437043e-06 0.96 18 2 729606.0696 8.441900119 
-6.128124261e-06 0.96 19 2 727627.6518 8.453378809 
-6.741644627e-06 0.96 20 2 718430.996 8.512367663 
-7.416587905e-06 0.96 21 2 710222.9547 8.570462807 
-8.159103482e-06 0.96 22 2 699734.9992 8.650480061 
-8.975956395e-06 0.96 23 2 692701.175 8.711002141 
-9.874588965e-06 0.96 24 2 681564.2727 8.816788759 
-1.08631886e-05 0.96 25 2 669821.4756 8.940399273 
-1.195076241e-05 0.96 26 2 643082.6278 9.243963043 
-1.314721924e-05 0.96 27 2 581434.9142 10.00310664 
-1.446345997e-05 0.96 28 2 542975.9586 10.53092569 
-1.591147684e-05 0.96 29 2 510066.4549 11.024007 
-1.750446266e-05 0.96 30 2 484943.6524 11.4497192 
-1.92569311e-05 0.96 31 2 474630.3445 11.63485029 
-2.118484883e-05 0.96 32 2 438108.941 12.38592952 
-2.330578105e-05 0.96 33 2 48088.99195 20.95190563 
-2.563905151e-05 0.96 34 2 42609.87053 21.08903931 
-2.820591856e-05 0.96 35 2 42175.62817 21.10084248 
-3.102976885e-05 0.96 36 2 32408.33978 21.38598637 
-3.413633039e-05 0.96 37 2 27161.84753 21.56199825 
-3.755390696e-05 0.96 38 2 26449.22685 21.58719252 
-4.1313636e-05 0.96 39 2 20947.17384 21.80255277 
-4.544977228e-05 0.96 40 2 15532.1348 22.04456779 
-5e-05 0.96 41 2 10576.98606 22.27860845 
-1e-06 0.965 0 3 1264701.952 6.728111635 
-1.100115523e-06 0.965 1 3 1258372.612 6.734647599 
-1.210254164e-06 0.965 2 3 1249834.546 6.744554987 
-1.331419393e-06 0.965 3 3 1248214.844 6.746595312 
-1.464715142e-06 0.965 4 3 1240213.298 6.757727839 
-1.611355864e-06 0.965 5 3 1232349.46 6.769767413 
-1.772677599e-06 0.965 6 3 1226468.476 6.77989219 
-1.950150144e-06 0.965 7 3 1224151.876 6.784213518 
-2.145390446e-06 0.965 8 3 1205994.238 6.821909629 
-2.360177333e-06 0.965 9 3 1178265.653 6.884836431 
-2.596467721e-06 0.965 10 3 1140960.746 6.978188133 
-2.856414445e-06 0.965 11 3 1104037.411 7.079193571 
-3.142385871e-06 0.965 12 3 1003068.447 7.379820401 
-3.456987477e-06 0.965 13 3 940266.4176 7.588116309 
-3.803085586e-06 0.965 14 3 867256.3542 7.851259272 
-4.183833489e-06 0.965 15 3 791118.4632 8.155667827 
-4.602700167e-06 0.965 16 3 730059.5306 8.424290828 
-5.063501902e-06 0.965 17 3 729371.3814 8.427693151 
-5.570437043e-06 0.965 18 3 727483.4426 8.43798389 
-6.128124261e-06 0.965 19 3 725551.5993 8.449397739 
-6.741644627e-06 0.965 20 3 717355.4949 8.501905047 
-7.416587905e-06 0.965 21 3 713395.6296 8.530341372 
-8.159103482e-06 0.965 22 3 709737.8049 8.558776036 
-8.975956395e-06 0.965 23 3 694122.4118 8.69310216 
-9.874588965e-06 0.965 24 3 682746.6826 8.800712573 
-1.08631886e-05 0.965 25 3 669166.184 8.942652072 
-1.195076241e-05 0.965 26 3 626300.7021 9.428767076 
-1.314721924e-05 0.965 27 3 580501.9127 9.992179491 
-1.446345997e-05 0.965 28 3 545286.809 10.47741877 
-1.591147684e-05 0.965 29 3 512451.4162 10.96943517 
-1.750446266e-05 0.965 30 3 487113.6516 11.39885072 
-1.92569311e-05 0.965 31 3 476751.1306 11.58489991 
-2.118484883e-05 0.965 32 3 440066.63 12.33949393 
-2.330578105e-05 0.965 33 3 48141.35612 20.94923533 
-2.563905151e-05 0.965 34 3 42651.39236 21.08666982 
-2.820591856e-05 0.965 35 3 42218.0223 21.09845143 
-3.102976885e-05 0.965 36 3 32435.36379 21.38410919 
-3.413633039e-05 0.965 37 3 27181.84222 21.56040498 
-3.755390696e-05 0.965 38 3 26470.45808 21.58556016 
-4.1313636e-05 0.965 39 3 20963.05263 21.8011925 
-4.544977228e-05 0.965 40 3 15560.28318 22.04274092 
-5e-05 0.965 41 3 10586.1663 22.27772349 
-1e-06 0.97 0 4 1261435.966 6.727284109 
-1.100115523e-06 0.97 1 4 1255111.094 6.733814091 
-1.210254164e-06 0.97 2 4 1246912.927 6.743286899 
-1.331419393e-06 0.97 3 4 1244853.597 6.745902399 
-1.464715142e-06 0.97 4 4 1237349.025 6.756419945 
-1.611355864e-06 0.97 5 4 1229060.002 6.769041192 
-1.772677599e-06 0.97 6 4 1223533.155 6.778513021 
-1.950150144e-06 0.97 7 4 1221633.38 6.782047931 
-2.145390446e-06 0.97 8 4 1203641.256 6.819433036 
-2.360177333e-06 0.97 9 4 1175863.79 6.882410095 
-2.596467721e-06 0.97 10 4 1138919.757 6.974930404 
-2.856414445e-06 0.97 11 4 1101552.879 7.077202494 
-3.142385871e-06 0.97 12 4 1001343.867 7.375406168 
-3.456987477e-06 0.97 13 4 937560.5217 7.586951567 
-3.803085586e-06 0.97 14 4 864150.3852 7.851325445 
-4.183833489e-06 0.97 15 4 788256.2502 8.154776312 
-4.602700167e-06 0.97 16 4 727036.6673 8.424238931 
-5.063501902e-06 0.97 17 4 726743.8243 8.425694844 
-5.570437043e-06 0.97 18 4 725452.1898 8.432659738 
-6.128124261e-06 0.97 19 4 723637.5313 8.443381235 
-6.741644627e-06 0.97 20 4 714886.5184 8.499650678 
-7.416587905e-06 0.97 21 4 711667.1457 8.522415786 
-8.159103482e-06 0.97 22 4 707379.2566 8.555731104 
-8.975956395e-06 0.97 23 4 700080.6674 8.618279703 
-9.874588965e-06 0.97 24 4 691300.8791 8.702087616 
-1.08631886e-05 0.97 25 4 663834.9721 8.990156294 
-1.195076241e-05 0.97 26 4 620593.9265 9.47413115 
-1.314721924e-05 0.97 27 4 583382.8638 9.929925158 
-1.446345997e-05 0.97 28 4 547844.58 10.41971255 
-1.591147684e-05 0.97 29 4 514820.8619 10.91475239 
-1.750446266e-05 0.97 30 4 489424.4242 11.34540234 
-1.92569311e-05 0.97 31 4 478871.4356 11.53497254 
-2.118484883e-05 0.97 32 4 442023.8926 12.29308005 
-2.330578105e-05 0.97 33 4 48193.35501 20.9465853 
-2.563905151e-05 0.97 34 4 42692.59952 21.08431914 
-2.820591856e-05 0.97 35 4 42260.00051 21.09608192 
-3.102976885e-05 0.97 36 4 32462.17376 21.38224737 
-3.413633039e-05 0.97 37 4 27201.66901 21.55882516 
-3.755390696e-05 0.97 38 4 26491.40234 21.58394549 
-4.1313636e-05 0.97 39 4 20978.65585 21.79984921 
-4.544977228e-05 0.97 40 4 15588.34495 22.04092188 
-5e-05 0.97 41 4 10595.10527 22.27685377 
